[0.015s] Invoking command in '/home/lucasvanslette/rbe550/build/basic_package': CMAKE_PREFIX_PATH=${CMAKE_PREFIX_PATH}:/opt/ros/humble /usr/bin/cmake --build /home/lucasvanslette/rbe550/build/basic_package -- -j4 -l4
[0.039s] -- Found ament_cmake: 1.3.5 (/opt/ros/humble/share/ament_cmake/cmake)
[0.171s] -- Found rclcpp: 16.0.5 (/opt/ros/humble/share/rclcpp/cmake)
[0.202s] -- Found rosidl_generator_c: 3.1.5 (/opt/ros/humble/share/rosidl_generator_c/cmake)
[0.205s] -- Found rosidl_adapter: 3.1.5 (/opt/ros/humble/share/rosidl_adapter/cmake)
[0.211s] -- Found rosidl_generator_cpp: 3.1.5 (/opt/ros/humble/share/rosidl_generator_cpp/cmake)
[0.222s] -- Using all available rosidl_typesupport_c: rosidl_typesupport_fastrtps_c;rosidl_typesupport_introspection_c
[0.239s] -- Using all available rosidl_typesupport_cpp: rosidl_typesupport_fastrtps_cpp;rosidl_typesupport_introspection_cpp
[0.301s] -- Found rmw_implementation_cmake: 6.1.1 (/opt/ros/humble/share/rmw_implementation_cmake/cmake)
[0.302s] -- Found rmw_fastrtps_cpp: 6.2.3 (/opt/ros/humble/share/rmw_fastrtps_cpp/cmake)
[0.434s] -- Using RMW implementation 'rmw_fastrtps_cpp' as default
[0.596s] [31mCMake Error at CMakeLists.txt:21 (target_include_directories):
[0.596s]   target_include_directories called with invalid arguments
[0.596s] 
[0.596s] [0m
[0.596s] [31mCMake Error at CMakeLists.txt:24 (target_compile_features):
[0.596s]   target_compile_features called with invalid arguments
[0.596s] 
[0.596s] [0m
[0.596s] -- Found ament_lint_auto: 0.12.7 (/opt/ros/humble/share/ament_lint_auto/cmake)
[0.662s] -- Added test 'cppcheck' to perform static code analysis on C / C++ code
[0.662s] -- Configured cppcheck include dirs: 
[0.662s] -- Configured cppcheck exclude dirs and/or files: 
[0.663s] -- Added test 'lint_cmake' to check CMake code style
[0.663s] -- Added test 'uncrustify' to check C / C++ code style
[0.664s] -- Configured uncrustify additional arguments: 
[0.664s] -- Added test 'xmllint' to check XML markup files
[0.664s] -- Configuring incomplete, errors occurred!
[0.664s] See also "/home/lucasvanslette/rbe550/build/basic_package/CMakeFiles/CMakeOutput.log".
[0.671s] gmake: *** [Makefile:267: cmake_check_build_system] Error 1
[0.673s] Invoked command in '/home/lucasvanslette/rbe550/build/basic_package' returned '2': CMAKE_PREFIX_PATH=${CMAKE_PREFIX_PATH}:/opt/ros/humble /usr/bin/cmake --build /home/lucasvanslette/rbe550/build/basic_package -- -j4 -l4
