[0.015s] Invoking command in '/home/lucasvanslette/rbe550/build/basic_package': CMAKE_PREFIX_PATH=${CMAKE_PREFIX_PATH}:/opt/ros/humble /usr/bin/cmake --build /home/lucasvanslette/rbe550/build/basic_package -- -j4 -l4
[0.038s] -- Found ament_cmake: 1.3.5 (/opt/ros/humble/share/ament_cmake/cmake)
[0.179s] -- Found rclcpp: 16.0.5 (/opt/ros/humble/share/rclcpp/cmake)
[0.206s] -- Found rosidl_generator_c: 3.1.5 (/opt/ros/humble/share/rosidl_generator_c/cmake)
[0.208s] -- Found rosidl_adapter: 3.1.5 (/opt/ros/humble/share/rosidl_adapter/cmake)
[0.214s] -- Found rosidl_generator_cpp: 3.1.5 (/opt/ros/humble/share/rosidl_generator_cpp/cmake)
[0.224s] -- Using all available rosidl_typesupport_c: rosidl_typesupport_fastrtps_c;rosidl_typesupport_introspection_c
[0.241s] -- Using all available rosidl_typesupport_cpp: rosidl_typesupport_fastrtps_cpp;rosidl_typesupport_introspection_cpp
[0.300s] -- Found rmw_implementation_cmake: 6.1.1 (/opt/ros/humble/share/rmw_implementation_cmake/cmake)
[0.301s] -- Found rmw_fastrtps_cpp: 6.2.3 (/opt/ros/humble/share/rmw_fastrtps_cpp/cmake)
[0.424s] -- Using RMW implementation 'rmw_fastrtps_cpp' as default
[0.610s] -- Found ament_lint_auto: 0.12.7 (/opt/ros/humble/share/ament_lint_auto/cmake)
[0.675s] -- Added test 'cppcheck' to perform static code analysis on C / C++ code
[0.675s] -- Configured cppcheck include dirs: 
[0.675s] -- Configured cppcheck exclude dirs and/or files: 
[0.675s] -- Added test 'lint_cmake' to check CMake code style
[0.676s] -- Added test 'uncrustify' to check C / C++ code style
[0.676s] -- Configured uncrustify additional arguments: 
[0.676s] -- Added test 'xmllint' to check XML markup files
[0.677s] -- Configuring done
[0.688s] -- Generating done
[0.690s] -- Build files have been written to: /home/lucasvanslette/rbe550/build/basic_package
[0.714s] [35m[1mConsolidate compiler generated dependencies of target talker[0m
[0.723s] [ 25%] [32mBuilding CXX object CMakeFiles/listener.dir/src/subscriber_member_function.cpp.o[0m
[0.735s] [ 50%] [32mBuilding CXX object CMakeFiles/talker.dir/src/publisher_member_function.cpp.o[0m
[5.327s] [ 75%] [32m[1mLinking CXX executable talker[0m
[5.590s] [ 75%] Built target talker
[9.140s] [100%] [32m[1mLinking CXX executable listener[0m
[9.520s] [100%] Built target listener
[9.531s] Invoked command in '/home/lucasvanslette/rbe550/build/basic_package' returned '0': CMAKE_PREFIX_PATH=${CMAKE_PREFIX_PATH}:/opt/ros/humble /usr/bin/cmake --build /home/lucasvanslette/rbe550/build/basic_package -- -j4 -l4
[9.567s] Invoking command in '/home/lucasvanslette/rbe550/build/basic_package': CMAKE_PREFIX_PATH=${CMAKE_PREFIX_PATH}:/opt/ros/humble /usr/bin/cmake --install /home/lucasvanslette/rbe550/build/basic_package
[9.574s] -- Install configuration: ""
[9.574s] -- Installing: /home/lucasvanslette/rbe550/install/basic_package/lib/basic_package/talker
[9.576s] -- Set runtime path of "/home/lucasvanslette/rbe550/install/basic_package/lib/basic_package/talker" to ""
[9.576s] -- Installing: /home/lucasvanslette/rbe550/install/basic_package/lib/basic_package/listener
[9.583s] -- Set runtime path of "/home/lucasvanslette/rbe550/install/basic_package/lib/basic_package/listener" to ""
[9.583s] -- Up-to-date: /home/lucasvanslette/rbe550/install/basic_package/share/ament_index/resource_index/package_run_dependencies/basic_package
[9.583s] -- Up-to-date: /home/lucasvanslette/rbe550/install/basic_package/share/ament_index/resource_index/parent_prefix_path/basic_package
[9.583s] -- Up-to-date: /home/lucasvanslette/rbe550/install/basic_package/share/basic_package/environment/ament_prefix_path.sh
[9.583s] -- Installing: /home/lucasvanslette/rbe550/install/basic_package/share/basic_package/environment/ament_prefix_path.dsv
[9.584s] -- Up-to-date: /home/lucasvanslette/rbe550/install/basic_package/share/basic_package/environment/path.sh
[9.584s] -- Installing: /home/lucasvanslette/rbe550/install/basic_package/share/basic_package/environment/path.dsv
[9.584s] -- Up-to-date: /home/lucasvanslette/rbe550/install/basic_package/share/basic_package/local_setup.bash
[9.584s] -- Up-to-date: /home/lucasvanslette/rbe550/install/basic_package/share/basic_package/local_setup.sh
[9.584s] -- Up-to-date: /home/lucasvanslette/rbe550/install/basic_package/share/basic_package/local_setup.zsh
[9.584s] -- Installing: /home/lucasvanslette/rbe550/install/basic_package/share/basic_package/local_setup.dsv
[9.584s] -- Installing: /home/lucasvanslette/rbe550/install/basic_package/share/basic_package/package.dsv
[9.584s] -- Up-to-date: /home/lucasvanslette/rbe550/install/basic_package/share/ament_index/resource_index/packages/basic_package
[9.585s] -- Up-to-date: /home/lucasvanslette/rbe550/install/basic_package/share/basic_package/cmake/basic_packageConfig.cmake
[9.585s] -- Up-to-date: /home/lucasvanslette/rbe550/install/basic_package/share/basic_package/cmake/basic_packageConfig-version.cmake
[9.585s] -- Up-to-date: /home/lucasvanslette/rbe550/install/basic_package/share/basic_package/package.xml
[9.587s] Invoked command in '/home/lucasvanslette/rbe550/build/basic_package' returned '0': CMAKE_PREFIX_PATH=${CMAKE_PREFIX_PATH}:/opt/ros/humble /usr/bin/cmake --install /home/lucasvanslette/rbe550/build/basic_package
