[0.012s] Invoking command in '/home/lucasvanslette/rbe550/build/basic_package': CMAKE_PREFIX_PATH=${CMAKE_PREFIX_PATH}:/opt/ros/humble /usr/bin/cmake /home/lucasvanslette/rbe550/src/basic_package -DCMAKE_INSTALL_PREFIX=/home/lucasvanslette/rbe550/install/basic_package
[0.071s] -- The C compiler identification is GNU 11.4.0
[0.124s] -- The CXX compiler identification is GNU 11.4.0
[0.132s] -- Detecting C compiler ABI info
[0.196s] -- Detecting C compiler ABI info - done
[0.203s] -- Check for working C compiler: /usr/bin/cc - skipped
[0.203s] -- Detecting C compile features
[0.203s] -- Detecting C compile features - done
[0.206s] -- Detecting CXX compiler ABI info
[0.279s] -- Detecting CXX compiler ABI info - done
[0.286s] -- Check for working CXX compiler: /usr/bin/c++ - skipped
[0.286s] -- Detecting CXX compile features
[0.287s] -- Detecting CXX compile features - done
[0.289s] -- Found ament_cmake: 1.3.5 (/opt/ros/humble/share/ament_cmake/cmake)
[0.445s] -- Found Python3: /usr/bin/python3.10 (found version "3.10.12") found components: Interpreter 
[0.537s] -- Found ament_lint_auto: 0.12.7 (/opt/ros/humble/share/ament_lint_auto/cmake)
[0.609s] -- Added test 'cppcheck' to perform static code analysis on C / C++ code
[0.609s] -- Configured cppcheck include dirs: $<BUILD_INTERFACE:/home/lucasvanslette/rbe550/src/basic_package/include>
[0.609s] -- Configured cppcheck exclude dirs and/or files: 
[0.610s] -- Added test 'lint_cmake' to check CMake code style
[0.611s] -- Added test 'uncrustify' to check C / C++ code style
[0.611s] -- Configured uncrustify additional arguments: 
[0.612s] -- Added test 'xmllint' to check XML markup files
[0.613s] -- Configuring done
[0.618s] -- Generating done
[0.619s] -- Build files have been written to: /home/lucasvanslette/rbe550/build/basic_package
[0.624s] Invoked command in '/home/lucasvanslette/rbe550/build/basic_package' returned '0': CMAKE_PREFIX_PATH=${CMAKE_PREFIX_PATH}:/opt/ros/humble /usr/bin/cmake /home/lucasvanslette/rbe550/src/basic_package -DCMAKE_INSTALL_PREFIX=/home/lucasvanslette/rbe550/install/basic_package
[0.626s] Invoking command in '/home/lucasvanslette/rbe550/build/basic_package': CMAKE_PREFIX_PATH=${CMAKE_PREFIX_PATH}:/opt/ros/humble /usr/bin/cmake --build /home/lucasvanslette/rbe550/build/basic_package -- -j4 -l4
[0.671s] [ 50%] [32mBuilding CXX object CMakeFiles/my_node.dir/src/my_node.cpp.o[0m
[0.697s] [100%] [32m[1mLinking CXX executable my_node[0m
[0.739s] [100%] Built target my_node
[0.750s] Invoked command in '/home/lucasvanslette/rbe550/build/basic_package' returned '0': CMAKE_PREFIX_PATH=${CMAKE_PREFIX_PATH}:/opt/ros/humble /usr/bin/cmake --build /home/lucasvanslette/rbe550/build/basic_package -- -j4 -l4
[0.782s] Invoking command in '/home/lucasvanslette/rbe550/build/basic_package': CMAKE_PREFIX_PATH=${CMAKE_PREFIX_PATH}:/opt/ros/humble /usr/bin/cmake --install /home/lucasvanslette/rbe550/build/basic_package
[0.789s] -- Install configuration: ""
[0.790s] -- Installing: /home/lucasvanslette/rbe550/install/basic_package/lib/basic_package/my_node
[0.790s] -- Installing: /home/lucasvanslette/rbe550/install/basic_package/share/ament_index/resource_index/package_run_dependencies/basic_package
[0.790s] -- Installing: /home/lucasvanslette/rbe550/install/basic_package/share/ament_index/resource_index/parent_prefix_path/basic_package
[0.790s] -- Installing: /home/lucasvanslette/rbe550/install/basic_package/share/basic_package/environment/ament_prefix_path.sh
[0.791s] -- Installing: /home/lucasvanslette/rbe550/install/basic_package/share/basic_package/environment/ament_prefix_path.dsv
[0.791s] -- Installing: /home/lucasvanslette/rbe550/install/basic_package/share/basic_package/environment/path.sh
[0.791s] -- Installing: /home/lucasvanslette/rbe550/install/basic_package/share/basic_package/environment/path.dsv
[0.791s] -- Installing: /home/lucasvanslette/rbe550/install/basic_package/share/basic_package/local_setup.bash
[0.791s] -- Installing: /home/lucasvanslette/rbe550/install/basic_package/share/basic_package/local_setup.sh
[0.791s] -- Installing: /home/lucasvanslette/rbe550/install/basic_package/share/basic_package/local_setup.zsh
[0.791s] -- Installing: /home/lucasvanslette/rbe550/install/basic_package/share/basic_package/local_setup.dsv
[0.792s] -- Installing: /home/lucasvanslette/rbe550/install/basic_package/share/basic_package/package.dsv
[0.792s] -- Installing: /home/lucasvanslette/rbe550/install/basic_package/share/ament_index/resource_index/packages/basic_package
[0.792s] -- Installing: /home/lucasvanslette/rbe550/install/basic_package/share/basic_package/cmake/basic_packageConfig.cmake
[0.792s] -- Installing: /home/lucasvanslette/rbe550/install/basic_package/share/basic_package/cmake/basic_packageConfig-version.cmake
[0.792s] -- Installing: /home/lucasvanslette/rbe550/install/basic_package/share/basic_package/package.xml
[0.795s] Invoked command in '/home/lucasvanslette/rbe550/build/basic_package' returned '0': CMAKE_PREFIX_PATH=${CMAKE_PREFIX_PATH}:/opt/ros/humble /usr/bin/cmake --install /home/lucasvanslette/rbe550/build/basic_package
