[35m[1mConsolidate compiler generated dependencies of target listener[0m
[35m[1mConsolidate compiler generated dependencies of target talker[0m
[ 25%] [32mBuilding CXX object CMakeFiles/talker.dir/src/publisher_member_function.cpp.o[0m
[ 75%] Built target listener
[100%] [32m[1mLinking CXX executable talker[0m
[100%] Built target talker
-- Install configuration: ""
-- Installing: /home/lucasvanslette/rbe550/install/basic_package/lib/basic_package/talker
-- Set runtime path of "/home/lucasvanslette/rbe550/install/basic_package/lib/basic_package/talker" to ""
-- Up-to-date: /home/lucasvanslette/rbe550/install/basic_package/lib/basic_package/listener
-- Up-to-date: /home/lucasvanslette/rbe550/install/basic_package/share/ament_index/resource_index/package_run_dependencies/basic_package
-- Up-to-date: /home/lucasvanslette/rbe550/install/basic_package/share/ament_index/resource_index/parent_prefix_path/basic_package
-- Up-to-date: /home/lucasvanslette/rbe550/install/basic_package/share/basic_package/environment/ament_prefix_path.sh
-- Up-to-date: /home/lucasvanslette/rbe550/install/basic_package/share/basic_package/environment/ament_prefix_path.dsv
-- Up-to-date: /home/lucasvanslette/rbe550/install/basic_package/share/basic_package/environment/path.sh
-- Up-to-date: /home/lucasvanslette/rbe550/install/basic_package/share/basic_package/environment/path.dsv
-- Up-to-date: /home/lucasvanslette/rbe550/install/basic_package/share/basic_package/local_setup.bash
-- Up-to-date: /home/lucasvanslette/rbe550/install/basic_package/share/basic_package/local_setup.sh
-- Up-to-date: /home/lucasvanslette/rbe550/install/basic_package/share/basic_package/local_setup.zsh
-- Up-to-date: /home/lucasvanslette/rbe550/install/basic_package/share/basic_package/local_setup.dsv
-- Installing: /home/lucasvanslette/rbe550/install/basic_package/share/basic_package/package.dsv
-- Up-to-date: /home/lucasvanslette/rbe550/install/basic_package/share/ament_index/resource_index/packages/basic_package
-- Up-to-date: /home/lucasvanslette/rbe550/install/basic_package/share/basic_package/cmake/basic_packageConfig.cmake
-- Up-to-date: /home/lucasvanslette/rbe550/install/basic_package/share/basic_package/cmake/basic_packageConfig-version.cmake
-- Up-to-date: /home/lucasvanslette/rbe550/install/basic_package/share/basic_package/package.xml
