[0.015s] Invoking command in '/home/lucasvanslette/rbe550/build/basic_package': CMAKE_PREFIX_PATH=${CMAKE_PREFIX_PATH}:/opt/ros/humble /usr/bin/cmake --build /home/lucasvanslette/rbe550/build/basic_package -- -j4 -l4
[0.037s] -- Found ament_cmake: 1.3.5 (/opt/ros/humble/share/ament_cmake/cmake)
[0.177s] -- Found rclcpp: 16.0.5 (/opt/ros/humble/share/rclcpp/cmake)
[0.203s] -- Found rosidl_generator_c: 3.1.5 (/opt/ros/humble/share/rosidl_generator_c/cmake)
[0.206s] -- Found rosidl_adapter: 3.1.5 (/opt/ros/humble/share/rosidl_adapter/cmake)
[0.211s] -- Found rosidl_generator_cpp: 3.1.5 (/opt/ros/humble/share/rosidl_generator_cpp/cmake)
[0.221s] -- Using all available rosidl_typesupport_c: rosidl_typesupport_fastrtps_c;rosidl_typesupport_introspection_c
[0.238s] -- Using all available rosidl_typesupport_cpp: rosidl_typesupport_fastrtps_cpp;rosidl_typesupport_introspection_cpp
[0.292s] -- Found rmw_implementation_cmake: 6.1.1 (/opt/ros/humble/share/rmw_implementation_cmake/cmake)
[0.293s] -- Found rmw_fastrtps_cpp: 6.2.3 (/opt/ros/humble/share/rmw_fastrtps_cpp/cmake)
[0.414s] -- Using RMW implementation 'rmw_fastrtps_cpp' as default
[0.584s] -- Found ament_lint_auto: 0.12.7 (/opt/ros/humble/share/ament_lint_auto/cmake)
[0.653s] -- Added test 'cppcheck' to perform static code analysis on C / C++ code
[0.653s] -- Configured cppcheck include dirs: $<BUILD_INTERFACE:/home/lucasvanslette/rbe550/src/basic_package/include>
[0.653s] -- Configured cppcheck exclude dirs and/or files: 
[0.654s] -- Added test 'lint_cmake' to check CMake code style
[0.655s] -- Added test 'uncrustify' to check C / C++ code style
[0.655s] -- Configured uncrustify additional arguments: 
[0.655s] -- Added test 'xmllint' to check XML markup files
[0.656s] -- Configuring done
[0.667s] -- Generating done
[0.669s] -- Build files have been written to: /home/lucasvanslette/rbe550/build/basic_package
[0.703s] [ 50%] [32mBuilding CXX object CMakeFiles/talker.dir/src/publisher_member_function.cpp.o[0m
[4.712s] [100%] [32m[1mLinking CXX executable talker[0m
[4.948s] [100%] Built target talker
[4.959s] Invoked command in '/home/lucasvanslette/rbe550/build/basic_package' returned '0': CMAKE_PREFIX_PATH=${CMAKE_PREFIX_PATH}:/opt/ros/humble /usr/bin/cmake --build /home/lucasvanslette/rbe550/build/basic_package -- -j4 -l4
[4.992s] Invoking command in '/home/lucasvanslette/rbe550/build/basic_package': CMAKE_PREFIX_PATH=${CMAKE_PREFIX_PATH}:/opt/ros/humble /usr/bin/cmake --install /home/lucasvanslette/rbe550/build/basic_package
[5.000s] -- Install configuration: ""
[5.000s] -- Installing: /home/lucasvanslette/rbe550/install/basic_package/lib/basic_package/talker
[5.002s] -- Set runtime path of "/home/lucasvanslette/rbe550/install/basic_package/lib/basic_package/talker" to ""
[5.002s] -- Installing: /home/lucasvanslette/rbe550/install/basic_package/share/ament_index/resource_index/package_run_dependencies/basic_package
[5.003s] -- Up-to-date: /home/lucasvanslette/rbe550/install/basic_package/share/ament_index/resource_index/parent_prefix_path/basic_package
[5.003s] -- Up-to-date: /home/lucasvanslette/rbe550/install/basic_package/share/basic_package/environment/ament_prefix_path.sh
[5.003s] -- Installing: /home/lucasvanslette/rbe550/install/basic_package/share/basic_package/environment/ament_prefix_path.dsv
[5.003s] -- Up-to-date: /home/lucasvanslette/rbe550/install/basic_package/share/basic_package/environment/path.sh
[5.003s] -- Installing: /home/lucasvanslette/rbe550/install/basic_package/share/basic_package/environment/path.dsv
[5.003s] -- Up-to-date: /home/lucasvanslette/rbe550/install/basic_package/share/basic_package/local_setup.bash
[5.003s] -- Up-to-date: /home/lucasvanslette/rbe550/install/basic_package/share/basic_package/local_setup.sh
[5.003s] -- Up-to-date: /home/lucasvanslette/rbe550/install/basic_package/share/basic_package/local_setup.zsh
[5.004s] -- Installing: /home/lucasvanslette/rbe550/install/basic_package/share/basic_package/local_setup.dsv
[5.004s] -- Installing: /home/lucasvanslette/rbe550/install/basic_package/share/basic_package/package.dsv
[5.004s] -- Up-to-date: /home/lucasvanslette/rbe550/install/basic_package/share/ament_index/resource_index/packages/basic_package
[5.004s] -- Installing: /home/lucasvanslette/rbe550/install/basic_package/share/basic_package/cmake/basic_packageConfig.cmake
[5.004s] -- Installing: /home/lucasvanslette/rbe550/install/basic_package/share/basic_package/cmake/basic_packageConfig-version.cmake
[5.004s] -- Installing: /home/lucasvanslette/rbe550/install/basic_package/share/basic_package/package.xml
[5.007s] Invoked command in '/home/lucasvanslette/rbe550/build/basic_package' returned '0': CMAKE_PREFIX_PATH=${CMAKE_PREFIX_PATH}:/opt/ros/humble /usr/bin/cmake --install /home/lucasvanslette/rbe550/build/basic_package
