[0.307s] DEBUG:colcon:Command line arguments: ['/usr/bin/colcon', 'build']
[0.307s] DEBUG:colcon:Parsed command line arguments: Namespace(log_base=None, log_level=None, verb_name='build', build_base='build', install_base='install', merge_install=False, symlink_install=False, test_result_base=None, continue_on_error=False, executor='parallel', parallel_workers=4, event_handlers=None, ignore_user_meta=False, metas=['./colcon.meta'], base_paths=['.'], packages_ignore=None, packages_ignore_regex=None, paths=None, packages_up_to=None, packages_up_to_regex=None, packages_above=None, packages_above_and_dependencies=None, packages_above_depth=None, packages_select_by_dep=None, packages_skip_by_dep=None, packages_skip_up_to=None, packages_select_build_failed=False, packages_skip_build_finished=False, packages_select_test_failures=False, packages_skip_test_passed=False, packages_select=None, packages_skip=None, packages_select_regex=None, packages_skip_regex=None, packages_start=None, packages_end=None, allow_overriding=[], cmake_args=None, cmake_target=None, cmake_target_skip_unavailable=False, cmake_clean_cache=False, cmake_clean_first=False, cmake_force_configure=False, ament_cmake_args=None, catkin_cmake_args=None, catkin_skip_building_tests=False, verb_parser=<colcon_defaults.argument_parser.defaults.DefaultArgumentsDecorator object at 0x7fcb6f4caef0>, verb_extension=<colcon_core.verb.build.BuildVerb object at 0x7fcb6f4ca980>, main=<bound method BuildVerb.main of <colcon_core.verb.build.BuildVerb object at 0x7fcb6f4ca980>>)
[0.329s] Level 1:colcon.colcon_core.package_discovery:discover_packages(colcon_meta) check parameters
[0.329s] Level 1:colcon.colcon_core.package_discovery:discover_packages(recursive) check parameters
[0.329s] Level 1:colcon.colcon_core.package_discovery:discover_packages(ignore) check parameters
[0.329s] Level 1:colcon.colcon_core.package_discovery:discover_packages(path) check parameters
[0.329s] Level 1:colcon.colcon_core.package_discovery:discover_packages(colcon_meta) discover
[0.329s] Level 1:colcon.colcon_core.package_discovery:discover_packages(recursive) discover
[0.329s] INFO:colcon.colcon_core.package_discovery:Crawling recursively for packages in '/home/lucasvanslette/rbe550'
[0.329s] Level 1:colcon.colcon_core.package_identification:_identify(.) by extensions ['ignore', 'ignore_ament_install']
[0.330s] Level 1:colcon.colcon_core.package_identification:_identify(.) by extension 'ignore'
[0.330s] Level 1:colcon.colcon_core.package_identification:_identify(.) by extension 'ignore_ament_install'
[0.330s] Level 1:colcon.colcon_core.package_identification:_identify(.) by extensions ['colcon_pkg']
[0.330s] Level 1:colcon.colcon_core.package_identification:_identify(.) by extension 'colcon_pkg'
[0.330s] Level 1:colcon.colcon_core.package_identification:_identify(.) by extensions ['colcon_meta']
[0.330s] Level 1:colcon.colcon_core.package_identification:_identify(.) by extension 'colcon_meta'
[0.330s] Level 1:colcon.colcon_core.package_identification:_identify(.) by extensions ['ros']
[0.330s] Level 1:colcon.colcon_core.package_identification:_identify(.) by extension 'ros'
[0.340s] Level 1:colcon.colcon_core.package_identification:_identify(.) by extensions ['cmake', 'python']
[0.340s] Level 1:colcon.colcon_core.package_identification:_identify(.) by extension 'cmake'
[0.340s] Level 1:colcon.colcon_core.package_identification:_identify(.) by extension 'python'
[0.340s] Level 1:colcon.colcon_core.package_identification:_identify(.) by extensions ['python_setup_py']
[0.340s] Level 1:colcon.colcon_core.package_identification:_identify(.) by extension 'python_setup_py'
[0.340s] Level 1:colcon.colcon_core.package_identification:_identify(build) by extensions ['ignore', 'ignore_ament_install']
[0.340s] Level 1:colcon.colcon_core.package_identification:_identify(build) by extension 'ignore'
[0.340s] Level 1:colcon.colcon_core.package_identification:_identify(build) ignored
[0.340s] Level 1:colcon.colcon_core.package_identification:_identify(install) by extensions ['ignore', 'ignore_ament_install']
[0.340s] Level 1:colcon.colcon_core.package_identification:_identify(install) by extension 'ignore'
[0.340s] Level 1:colcon.colcon_core.package_identification:_identify(install) ignored
[0.340s] Level 1:colcon.colcon_core.package_identification:_identify(log) by extensions ['ignore', 'ignore_ament_install']
[0.341s] Level 1:colcon.colcon_core.package_identification:_identify(log) by extension 'ignore'
[0.341s] Level 1:colcon.colcon_core.package_identification:_identify(log) ignored
[0.341s] Level 1:colcon.colcon_core.package_identification:_identify(src) by extensions ['ignore', 'ignore_ament_install']
[0.341s] Level 1:colcon.colcon_core.package_identification:_identify(src) by extension 'ignore'
[0.341s] Level 1:colcon.colcon_core.package_identification:_identify(src) by extension 'ignore_ament_install'
[0.341s] Level 1:colcon.colcon_core.package_identification:_identify(src) by extensions ['colcon_pkg']
[0.341s] Level 1:colcon.colcon_core.package_identification:_identify(src) by extension 'colcon_pkg'
[0.341s] Level 1:colcon.colcon_core.package_identification:_identify(src) by extensions ['colcon_meta']
[0.341s] Level 1:colcon.colcon_core.package_identification:_identify(src) by extension 'colcon_meta'
[0.341s] Level 1:colcon.colcon_core.package_identification:_identify(src) by extensions ['ros']
[0.341s] Level 1:colcon.colcon_core.package_identification:_identify(src) by extension 'ros'
[0.341s] Level 1:colcon.colcon_core.package_identification:_identify(src) by extensions ['cmake', 'python']
[0.341s] Level 1:colcon.colcon_core.package_identification:_identify(src) by extension 'cmake'
[0.341s] Level 1:colcon.colcon_core.package_identification:_identify(src) by extension 'python'
[0.341s] Level 1:colcon.colcon_core.package_identification:_identify(src) by extensions ['python_setup_py']
[0.341s] Level 1:colcon.colcon_core.package_identification:_identify(src) by extension 'python_setup_py'
[0.341s] Level 1:colcon.colcon_core.package_identification:_identify(src/basic_package) by extensions ['ignore', 'ignore_ament_install']
[0.341s] Level 1:colcon.colcon_core.package_identification:_identify(src/basic_package) by extension 'ignore'
[0.341s] Level 1:colcon.colcon_core.package_identification:_identify(src/basic_package) by extension 'ignore_ament_install'
[0.342s] Level 1:colcon.colcon_core.package_identification:_identify(src/basic_package) by extensions ['colcon_pkg']
[0.342s] Level 1:colcon.colcon_core.package_identification:_identify(src/basic_package) by extension 'colcon_pkg'
[0.342s] Level 1:colcon.colcon_core.package_identification:_identify(src/basic_package) by extensions ['colcon_meta']
[0.342s] Level 1:colcon.colcon_core.package_identification:_identify(src/basic_package) by extension 'colcon_meta'
[0.342s] Level 1:colcon.colcon_core.package_identification:_identify(src/basic_package) by extensions ['ros']
[0.342s] Level 1:colcon.colcon_core.package_identification:_identify(src/basic_package) by extension 'ros'
[0.344s] DEBUG:colcon.colcon_core.package_identification:Package 'src/basic_package' with type 'ros.ament_cmake' and name 'basic_package'
[0.344s] Level 1:colcon.colcon_core.package_discovery:discover_packages(recursive) using defaults
[0.344s] Level 1:colcon.colcon_core.package_discovery:discover_packages(ignore) discover
[0.344s] Level 1:colcon.colcon_core.package_discovery:discover_packages(ignore) using defaults
[0.344s] Level 1:colcon.colcon_core.package_discovery:discover_packages(path) discover
[0.344s] Level 1:colcon.colcon_core.package_discovery:discover_packages(path) using defaults
[0.366s] Level 1:colcon.colcon_core.package_discovery:discover_packages(prefix_path) check parameters
[0.366s] Level 1:colcon.colcon_core.package_discovery:discover_packages(prefix_path) discover
[0.368s] DEBUG:colcon.colcon_installed_package_information.package_discovery:Found 1 installed packages in /home/lucasvanslette/Tutorials/install
[0.370s] DEBUG:colcon.colcon_installed_package_information.package_discovery:Found 314 installed packages in /opt/ros/humble
[0.371s] Level 1:colcon.colcon_core.package_discovery:discover_packages(prefix_path) using defaults
[0.432s] Level 5:colcon.colcon_core.verb:set package 'basic_package' build argument 'cmake_args' from command line to 'None'
[0.432s] Level 5:colcon.colcon_core.verb:set package 'basic_package' build argument 'cmake_target' from command line to 'None'
[0.433s] Level 5:colcon.colcon_core.verb:set package 'basic_package' build argument 'cmake_target_skip_unavailable' from command line to 'False'
[0.433s] Level 5:colcon.colcon_core.verb:set package 'basic_package' build argument 'cmake_clean_cache' from command line to 'False'
[0.433s] Level 5:colcon.colcon_core.verb:set package 'basic_package' build argument 'cmake_clean_first' from command line to 'False'
[0.433s] Level 5:colcon.colcon_core.verb:set package 'basic_package' build argument 'cmake_force_configure' from command line to 'False'
[0.433s] Level 5:colcon.colcon_core.verb:set package 'basic_package' build argument 'ament_cmake_args' from command line to 'None'
[0.433s] Level 5:colcon.colcon_core.verb:set package 'basic_package' build argument 'catkin_cmake_args' from command line to 'None'
[0.433s] Level 5:colcon.colcon_core.verb:set package 'basic_package' build argument 'catkin_skip_building_tests' from command line to 'False'
[0.433s] DEBUG:colcon.colcon_core.verb:Building package 'basic_package' with the following arguments: {'ament_cmake_args': None, 'build_base': '/home/lucasvanslette/rbe550/build/basic_package', 'catkin_cmake_args': None, 'catkin_skip_building_tests': False, 'cmake_args': None, 'cmake_clean_cache': False, 'cmake_clean_first': False, 'cmake_force_configure': False, 'cmake_target': None, 'cmake_target_skip_unavailable': False, 'install_base': '/home/lucasvanslette/rbe550/install/basic_package', 'merge_install': False, 'path': '/home/lucasvanslette/rbe550/src/basic_package', 'symlink_install': False, 'test_result_base': None}
[0.433s] INFO:colcon.colcon_core.executor:Executing jobs using 'parallel' executor
[0.436s] DEBUG:colcon.colcon_parallel_executor.executor.parallel:run_until_complete
[0.436s] INFO:colcon.colcon_ros.task.ament_cmake.build:Building ROS package in '/home/lucasvanslette/rbe550/src/basic_package' with build type 'ament_cmake'
[0.436s] INFO:colcon.colcon_cmake.task.cmake.build:Building CMake package in '/home/lucasvanslette/rbe550/src/basic_package'
[0.440s] INFO:colcon.colcon_core.plugin_system:Skipping extension 'colcon_core.shell.bat': Not used on non-Windows systems
[0.441s] INFO:colcon.colcon_core.shell:Skip shell extension 'powershell' for command environment: Not usable outside of PowerShell
[0.441s] DEBUG:colcon.colcon_core.shell:Skip shell extension 'dsv' for command environment
[0.452s] DEBUG:colcon.colcon_core.event_handler.log_command:Invoking command in '/home/lucasvanslette/rbe550/build/basic_package': CMAKE_PREFIX_PATH=${CMAKE_PREFIX_PATH}:/opt/ros/humble /usr/bin/cmake --build /home/lucasvanslette/rbe550/build/basic_package -- -j4 -l4
[9.968s] DEBUG:colcon.colcon_core.event_handler.log_command:Invoked command in '/home/lucasvanslette/rbe550/build/basic_package' returned '0': CMAKE_PREFIX_PATH=${CMAKE_PREFIX_PATH}:/opt/ros/humble /usr/bin/cmake --build /home/lucasvanslette/rbe550/build/basic_package -- -j4 -l4
[10.004s] DEBUG:colcon.colcon_core.event_handler.log_command:Invoking command in '/home/lucasvanslette/rbe550/build/basic_package': CMAKE_PREFIX_PATH=${CMAKE_PREFIX_PATH}:/opt/ros/humble /usr/bin/cmake --install /home/lucasvanslette/rbe550/build/basic_package
[10.023s] Level 1:colcon.colcon_core.environment:create_environment_scripts_only(basic_package)
[10.024s] DEBUG:colcon.colcon_core.event_handler.log_command:Invoked command in '/home/lucasvanslette/rbe550/build/basic_package' returned '0': CMAKE_PREFIX_PATH=${CMAKE_PREFIX_PATH}:/opt/ros/humble /usr/bin/cmake --install /home/lucasvanslette/rbe550/build/basic_package
[10.028s] Level 1:colcon.colcon_core.environment:checking '/home/lucasvanslette/rbe550/install/basic_package' for CMake module files
[10.029s] Level 1:colcon.colcon_core.environment:checking '/home/lucasvanslette/rbe550/install/basic_package' for CMake config files
[10.029s] Level 1:colcon.colcon_core.shell:create_environment_hook('basic_package', 'cmake_prefix_path')
[10.031s] INFO:colcon.colcon_core.shell:Creating environment hook '/home/lucasvanslette/rbe550/install/basic_package/share/basic_package/hook/cmake_prefix_path.ps1'
[10.031s] INFO:colcon.colcon_core.shell:Creating environment descriptor '/home/lucasvanslette/rbe550/install/basic_package/share/basic_package/hook/cmake_prefix_path.dsv'
[10.032s] INFO:colcon.colcon_core.shell:Creating environment hook '/home/lucasvanslette/rbe550/install/basic_package/share/basic_package/hook/cmake_prefix_path.sh'
[10.033s] Level 1:colcon.colcon_core.environment:checking '/home/lucasvanslette/rbe550/install/basic_package/lib'
[10.033s] Level 1:colcon.colcon_core.environment:checking '/home/lucasvanslette/rbe550/install/basic_package/bin'
[10.033s] Level 1:colcon.colcon_core.environment:checking '/home/lucasvanslette/rbe550/install/basic_package/lib/pkgconfig/basic_package.pc'
[10.033s] Level 1:colcon.colcon_core.environment:checking '/home/lucasvanslette/rbe550/install/basic_package/lib/python3.10/site-packages'
[10.033s] Level 1:colcon.colcon_core.environment:checking '/home/lucasvanslette/rbe550/install/basic_package/bin'
[10.035s] INFO:colcon.colcon_core.shell:Creating package script '/home/lucasvanslette/rbe550/install/basic_package/share/basic_package/package.ps1'
[10.035s] INFO:colcon.colcon_core.shell:Creating package descriptor '/home/lucasvanslette/rbe550/install/basic_package/share/basic_package/package.dsv'
[10.036s] INFO:colcon.colcon_core.shell:Creating package script '/home/lucasvanslette/rbe550/install/basic_package/share/basic_package/package.sh'
[10.037s] INFO:colcon.colcon_core.shell:Creating package script '/home/lucasvanslette/rbe550/install/basic_package/share/basic_package/package.bash'
[10.037s] INFO:colcon.colcon_core.shell:Creating package script '/home/lucasvanslette/rbe550/install/basic_package/share/basic_package/package.zsh'
[10.038s] Level 1:colcon.colcon_core.environment:create_file_with_runtime_dependencies(/home/lucasvanslette/rbe550/install/basic_package/share/colcon-core/packages/basic_package)
[10.066s] Level 1:colcon.colcon_core.environment:create_environment_scripts_only(basic_package)
[10.069s] Level 1:colcon.colcon_core.environment:checking '/home/lucasvanslette/rbe550/install/basic_package' for CMake module files
[10.070s] Level 1:colcon.colcon_core.environment:checking '/home/lucasvanslette/rbe550/install/basic_package' for CMake config files
[10.070s] Level 1:colcon.colcon_core.shell:create_environment_hook('basic_package', 'cmake_prefix_path')
[10.071s] INFO:colcon.colcon_core.shell:Creating environment hook '/home/lucasvanslette/rbe550/install/basic_package/share/basic_package/hook/cmake_prefix_path.ps1'
[10.071s] INFO:colcon.colcon_core.shell:Creating environment descriptor '/home/lucasvanslette/rbe550/install/basic_package/share/basic_package/hook/cmake_prefix_path.dsv'
[10.072s] INFO:colcon.colcon_core.shell:Creating environment hook '/home/lucasvanslette/rbe550/install/basic_package/share/basic_package/hook/cmake_prefix_path.sh'
[10.072s] Level 1:colcon.colcon_core.environment:checking '/home/lucasvanslette/rbe550/install/basic_package/lib'
[10.072s] Level 1:colcon.colcon_core.environment:checking '/home/lucasvanslette/rbe550/install/basic_package/bin'
[10.072s] Level 1:colcon.colcon_core.environment:checking '/home/lucasvanslette/rbe550/install/basic_package/lib/pkgconfig/basic_package.pc'
[10.072s] Level 1:colcon.colcon_core.environment:checking '/home/lucasvanslette/rbe550/install/basic_package/lib/python3.10/site-packages'
[10.073s] Level 1:colcon.colcon_core.environment:checking '/home/lucasvanslette/rbe550/install/basic_package/bin'
[10.074s] INFO:colcon.colcon_core.shell:Creating package script '/home/lucasvanslette/rbe550/install/basic_package/share/basic_package/package.ps1'
[10.074s] INFO:colcon.colcon_core.shell:Creating package descriptor '/home/lucasvanslette/rbe550/install/basic_package/share/basic_package/package.dsv'
[10.075s] INFO:colcon.colcon_core.shell:Creating package script '/home/lucasvanslette/rbe550/install/basic_package/share/basic_package/package.sh'
[10.075s] INFO:colcon.colcon_core.shell:Creating package script '/home/lucasvanslette/rbe550/install/basic_package/share/basic_package/package.bash'
[10.076s] INFO:colcon.colcon_core.shell:Creating package script '/home/lucasvanslette/rbe550/install/basic_package/share/basic_package/package.zsh'
[10.076s] Level 1:colcon.colcon_core.environment:create_file_with_runtime_dependencies(/home/lucasvanslette/rbe550/install/basic_package/share/colcon-core/packages/basic_package)
[10.076s] DEBUG:colcon.colcon_parallel_executor.executor.parallel:closing loop
[10.077s] DEBUG:colcon.colcon_parallel_executor.executor.parallel:loop closed
[10.077s] DEBUG:colcon.colcon_parallel_executor.executor.parallel:run_until_complete finished with '0'
[10.077s] DEBUG:colcon.colcon_core.event_reactor:joining thread
[10.083s] INFO:colcon.colcon_core.plugin_system:Skipping extension 'colcon_notification.desktop_notification.terminal_notifier': Not used on non-Darwin systems
[10.083s] INFO:colcon.colcon_core.plugin_system:Skipping extension 'colcon_notification.desktop_notification.win32': Not used on non-Windows systems
[10.083s] INFO:colcon.colcon_notification.desktop_notification:Sending desktop notification using 'notify2'
[10.093s] DEBUG:colcon.colcon_core.event_reactor:joined thread
[10.095s] INFO:colcon.colcon_core.shell:Creating prefix script '/home/lucasvanslette/rbe550/install/local_setup.ps1'
[10.095s] INFO:colcon.colcon_core.shell:Creating prefix util module '/home/lucasvanslette/rbe550/install/_local_setup_util_ps1.py'
[10.097s] INFO:colcon.colcon_core.shell:Creating prefix chain script '/home/lucasvanslette/rbe550/install/setup.ps1'
[10.098s] INFO:colcon.colcon_core.shell:Creating prefix script '/home/lucasvanslette/rbe550/install/local_setup.sh'
[10.099s] INFO:colcon.colcon_core.shell:Creating prefix util module '/home/lucasvanslette/rbe550/install/_local_setup_util_sh.py'
[10.099s] INFO:colcon.colcon_core.shell:Creating prefix chain script '/home/lucasvanslette/rbe550/install/setup.sh'
[10.101s] INFO:colcon.colcon_core.shell:Creating prefix script '/home/lucasvanslette/rbe550/install/local_setup.bash'
[10.103s] INFO:colcon.colcon_core.shell:Creating prefix chain script '/home/lucasvanslette/rbe550/install/setup.bash'
[10.105s] INFO:colcon.colcon_core.shell:Creating prefix script '/home/lucasvanslette/rbe550/install/local_setup.zsh'
[10.106s] INFO:colcon.colcon_core.shell:Creating prefix chain script '/home/lucasvanslette/rbe550/install/setup.zsh'
